[  0%] Built target _pick_delivery_generate_messages_check_deps_invio
[  0%] Built target _pick_delivery_generate_messages_check_deps_login
[  0%] Built target std_msgs_generate_messages_cpp
[  0%] Built target _pick_delivery_generate_messages_check_deps_c_to_s
[  0%] Built target _pick_delivery_generate_messages_check_deps_notifica
[  0%] Built target _pick_delivery_generate_messages_check_deps_s_to_c
[  0%] Built target std_msgs_generate_messages_py
[  0%] Built target std_msgs_generate_messages_nodejs
[  0%] Built target std_msgs_generate_messages_lisp
[ 15%] Built target pick_delivery_generate_messages_cpp
[ 15%] Built target std_msgs_generate_messages_eus
[ 37%] Built target pick_delivery_generate_messages_py
[ 53%] Built target pick_delivery_generate_messages_nodejs
[ 68%] Built target pick_delivery_generate_messages_lisp
[ 68%] Built target pick_delivery_gencpp
[ 87%] Built target pick_delivery_generate_messages_eus
[35m[1mScanning dependencies of target server1[0m
[ 93%] Built target client
[ 96%] [32mBuilding CXX object CMakeFiles/server1.dir/src/server.cpp.o[0m
[ 96%] Built target pick_delivery_generate_messages
[01m[K/home/me/pick-delivery_mr/src/pick_delivery/src/server.cpp:[m[K In function ‘[01m[Kint main(int, char**)[m[K’:
[01m[K/home/me/pick-delivery_mr/src/pick_delivery/src/server.cpp:270:45:[m[K [01;31m[Kerror: [m[K‘[01m[Kcallback_Server[m[K’ was not declared in this scope
  sub_client = node.subscribe("/ctos", 1000, [01;31m[Kcallback_Server[m[K);
                                             [01;31m[K^~~~~~~~~~~~~~~[m[K
CMakeFiles/server1.dir/build.make:62: recipe for target 'CMakeFiles/server1.dir/src/server.cpp.o' failed
make[2]: *** [CMakeFiles/server1.dir/src/server.cpp.o] Error 1
CMakeFiles/Makefile2:67: recipe for target 'CMakeFiles/server1.dir/all' failed
make[1]: *** [CMakeFiles/server1.dir/all] Error 2
Makefile:140: recipe for target 'all' failed
make: *** [all] Error 2
