In file included from [01m[K/home/me/pick-delivery_mr/src/pick_delivery/src/server.cpp:5:0[m[K:
[01m[K/home/me/pick-delivery_mr/src/pick_delivery/src/robot.h:[m[K In constructor ‘[01m[Krobot::robot()[m[K’:
[01m[K/home/me/pick-delivery_mr/src/pick_delivery/src/robot.h:14:12:[m[K [01;31m[Kerror: [m[K‘[01m[Ks[m[K’ was not declared in this scope
   status = [01;31m[Ks[m[K; //0 nothing assigned, 1 picking, 2 delivering
            [01;31m[K^[m[K
[01m[K/home/me/pick-delivery_mr/src/pick_delivery/src/robot.h:15:10:[m[K [01;31m[Kerror: [m[K‘[01m[Kf[m[K’ was not declared in this scope
   free = [01;31m[Kf[m[K;
          [01;31m[K^[m[K
[01m[K/home/me/pick-delivery_mr/src/pick_delivery/src/server.cpp:[m[K In function ‘[01m[Kint main(int, char**)[m[K’:
[01m[K/home/me/pick-delivery_mr/src/pick_delivery/src/server.cpp:45:24:[m[K [01;31m[Kerror: [m[Kno matching function for call to ‘[01m[Krobot::robot(int, int)[m[K’
     rob[0] = robot(0, 1[01;31m[K)[m[K;
                        [01;31m[K^[m[K
In file included from [01m[K/home/me/pick-delivery_mr/src/pick_delivery/src/server.cpp:5:0[m[K:
[01m[K/home/me/pick-delivery_mr/src/pick_delivery/src/robot.h:12:2:[m[K [01;36m[Knote: [m[Kcandidate: robot::robot()
  [01;36m[Krobot[m[K()
  [01;36m[K^~~~~[m[K
[01m[K/home/me/pick-delivery_mr/src/pick_delivery/src/robot.h:12:2:[m[K [01;36m[Knote: [m[K  candidate expects 0 arguments, 2 provided
[01m[K/home/me/pick-delivery_mr/src/pick_delivery/src/robot.h:5:7:[m[K [01;36m[Knote: [m[Kcandidate: constexpr robot::robot(const robot&)
 class [01;36m[Krobot[m[K
       [01;36m[K^~~~~[m[K
[01m[K/home/me/pick-delivery_mr/src/pick_delivery/src/robot.h:5:7:[m[K [01;36m[Knote: [m[K  candidate expects 1 argument, 2 provided
[01m[K/home/me/pick-delivery_mr/src/pick_delivery/src/robot.h:5:7:[m[K [01;36m[Knote: [m[Kcandidate: constexpr robot::robot(robot&&)
[01m[K/home/me/pick-delivery_mr/src/pick_delivery/src/robot.h:5:7:[m[K [01;36m[Knote: [m[K  candidate expects 1 argument, 2 provided
[01m[K/home/me/pick-delivery_mr/src/pick_delivery/src/server.cpp:46:24:[m[K [01;31m[Kerror: [m[Kno matching function for call to ‘[01m[Krobot::robot(int, int)[m[K’
     rob[1] = robot(0, 1[01;31m[K)[m[K;
                        [01;31m[K^[m[K
In file included from [01m[K/home/me/pick-delivery_mr/src/pick_delivery/src/server.cpp:5:0[m[K:
[01m[K/home/me/pick-delivery_mr/src/pick_delivery/src/robot.h:12:2:[m[K [01;36m[Knote: [m[Kcandidate: robot::robot()
  [01;36m[Krobot[m[K()
  [01;36m[K^~~~~[m[K
[01m[K/home/me/pick-delivery_mr/src/pick_delivery/src/robot.h:12:2:[m[K [01;36m[Knote: [m[K  candidate expects 0 arguments, 2 provided
[01m[K/home/me/pick-delivery_mr/src/pick_delivery/src/robot.h:5:7:[m[K [01;36m[Knote: [m[Kcandidate: constexpr robot::robot(const robot&)
 class [01;36m[Krobot[m[K
       [01;36m[K^~~~~[m[K
[01m[K/home/me/pick-delivery_mr/src/pick_delivery/src/robot.h:5:7:[m[K [01;36m[Knote: [m[K  candidate expects 1 argument, 2 provided
[01m[K/home/me/pick-delivery_mr/src/pick_delivery/src/robot.h:5:7:[m[K [01;36m[Knote: [m[Kcandidate: constexpr robot::robot(robot&&)
[01m[K/home/me/pick-delivery_mr/src/pick_delivery/src/robot.h:5:7:[m[K [01;36m[Knote: [m[K  candidate expects 1 argument, 2 provided
make[2]: *** [CMakeFiles/server1.dir/src/server.cpp.o] Error 1
make[1]: *** [CMakeFiles/server1.dir/all] Error 2
make: *** [all] Error 2
