[  0%] Built target _pick_delivery_generate_messages_check_deps_login
[  0%] Built target _pick_delivery_generate_messages_check_deps_invio
[  0%] Built target _pick_delivery_generate_messages_check_deps_c_to_s
[  0%] Built target _pick_delivery_generate_messages_check_deps_notifica
[  0%] Built target std_msgs_generate_messages_cpp
[  0%] Built target _pick_delivery_generate_messages_check_deps_s_to_c
[  0%] Built target std_msgs_generate_messages_py
[  0%] Built target std_msgs_generate_messages_lisp
[  0%] Built target std_msgs_generate_messages_nodejs
[  0%] Built target std_msgs_generate_messages_eus
[ 15%] Built target pick_delivery_generate_messages_cpp
[ 37%] Built target pick_delivery_generate_messages_py
[ 53%] Built target pick_delivery_generate_messages_nodejs
[ 68%] Built target pick_delivery_generate_messages_lisp
[ 87%] Built target pick_delivery_generate_messages_eus
[ 87%] Built target pick_delivery_gencpp
[ 87%] Built target pick_delivery_generate_messages
[35m[1mScanning dependencies of target server1[0m
[ 90%] [32mBuilding CXX object CMakeFiles/server1.dir/src/server.cpp.o[0m
[ 96%] Built target client
[01m[K/home/me/pick-delivery_mr/src/pick_delivery/src/server.cpp:[m[K In function ‘[01m[Kvoid get_infos(robot*, int, std::__cxx11::string, std::__cxx11::string, std::__cxx11::string)[m[K’:
[01m[K/home/me/pick-delivery_mr/src/pick_delivery/src/server.cpp:129:8:[m[K [01;31m[Kerror: [m[Krequest for member ‘[01m[Kbroadcast[m[K’ in ‘[01m[Kr[m[K’, which is of pointer type ‘[01m[Krobot*[m[K’ (maybe you meant to use ‘[01m[K->[m[K’ ?)
  if (r.[01;31m[Kbroadcast[m[K == 1)
        [01;31m[K^~~~~~~~~[m[K
CMakeFiles/server1.dir/build.make:62: recipe for target 'CMakeFiles/server1.dir/src/server.cpp.o' failed
make[2]: *** [CMakeFiles/server1.dir/src/server.cpp.o] Error 1
make[1]: *** [CMakeFiles/server1.dir/all] Error 2
CMakeFiles/Makefile2:67: recipe for target 'CMakeFiles/server1.dir/all' failed
Makefile:140: recipe for target 'all' failed
make: *** [all] Error 2
