[  0%] Built target _pick_delivery_generate_messages_check_deps_invio
[  0%] Built target _pick_delivery_generate_messages_check_deps_login
[  0%] Built target std_msgs_generate_messages_cpp
[  0%] Built target _pick_delivery_generate_messages_check_deps_c_to_s
[  0%] Built target _pick_delivery_generate_messages_check_deps_notifica
[  0%] Built target _pick_delivery_generate_messages_check_deps_s_to_c
[  0%] Built target std_msgs_generate_messages_py
[  0%] Built target std_msgs_generate_messages_nodejs
[  0%] Built target std_msgs_generate_messages_lisp
[  0%] Built target std_msgs_generate_messages_eus
[ 15%] Built target pick_delivery_generate_messages_cpp
[ 37%] Built target pick_delivery_generate_messages_py
[ 53%] Built target pick_delivery_generate_messages_lisp
[ 68%] Built target pick_delivery_generate_messages_nodejs
[ 87%] Built target pick_delivery_generate_messages_eus
[ 87%] Built target pick_delivery_gencpp
[35m[1mScanning dependencies of target server1[0m
[ 87%] Built target pick_delivery_generate_messages
[35m[1mScanning dependencies of target client[0m
[ 90%] [32mBuilding CXX object CMakeFiles/server1.dir/src/server.cpp.o[0m
[ 93%] [32mBuilding CXX object CMakeFiles/client.dir/src/client.cpp.o[0m
[01m[K/home/me/pick-delivery_mr/src/pick_delivery/src/server.cpp:[m[K In function ‘[01m[Kvoid callClient(int)[m[K’:
[01m[K/home/me/pick-delivery_mr/src/pick_delivery/src/server.cpp:185:3:[m[K [01;31m[Kerror: [m[Kexpected ‘[01m[K;[m[K’ before ‘[01m[Kn[m[K’
   [01;31m[Kn[m[K.user = rob[i].sender->hash;
   [01;31m[K^[m[K
[01m[K/home/me/pick-delivery_mr/src/pick_delivery/src/server.cpp:190:15:[m[K [01;31m[Kerror: [m[Krequest for member ‘[01m[Kstatus[m[K’ in ‘[01m[Krob[m[K’, which is of non-class type ‘[01m[Krobot [2][m[K’
  else if (rob.[01;31m[Kstatus[m[K == 2)
               [01;31m[K^~~~~~[m[K
[01m[K/home/me/pick-delivery_mr/src/pick_delivery/src/server.cpp:[m[K In function ‘[01m[Kvoid check_robot(const ConstPtr&, int)[m[K’:
[01m[K/home/me/pick-delivery_mr/src/pick_delivery/src/server.cpp:297:16:[m[K [01;31m[Kerror: [m[Krequest for member ‘[01m[Kstatus[m[K’ in ‘[01m[Krob[m[K’, which is of non-class type ‘[01m[Krobot [2][m[K’
   else if (rob.[01;31m[Kstatus[m[K == 2)
                [01;31m[K^~~~~~[m[K
CMakeFiles/server1.dir/build.make:62: recipe for target 'CMakeFiles/server1.dir/src/server.cpp.o' failed
CMakeFiles/Makefile2:67: recipe for target 'CMakeFiles/server1.dir/all' failed
make[2]: *** [CMakeFiles/server1.dir/src/server.cpp.o] Error 1
make[1]: *** [CMakeFiles/server1.dir/all] Error 2
make[1]: *** Waiting for unfinished jobs....
[ 96%] [32m[1mLinking CXX executable /home/me/pick-delivery_mr/devel/.private/pick_delivery/lib/pick_delivery/client[0m
[ 96%] Built target client
Makefile:140: recipe for target 'all' failed
make: *** [all] Error 2
